2020-05-13 16:50:38 下午 [Thread: main][ Class:com.nantian.generator.impl.MybatisGenerator >> Method: com.nantian.generator.impl.MybatisGenerator.create(MybatisGenerator.java:246) ]
INFO:开始检查配置数据...
2020-05-13 16:50:38 下午 [Thread: main][ Class:com.nantian.generator.impl.MybatisGenerator >> Method: com.nantian.generator.impl.MybatisGenerator.create(MybatisGenerator.java:248) ]
INFO:开始组装数据...
2020-05-13 16:50:38 下午 [Thread: main][ Class:com.nantian.generator.impl.MybatisGenerator >> Method: com.nantian.generator.impl.MybatisGenerator.create(MybatisGenerator.java:251) ]
INFO:开始生成配置信息
2020-05-13 16:50:38 下午 [Thread: main][ Class:com.nantian.generator.impl.MybatisGenerator >> Method: com.nantian.generator.impl.MybatisGenerator.create(MybatisGenerator.java:255) ]
INFO:开始生成代码...
2020-05-13 16:50:39 下午 [Thread: main][ Class:com.nantian.generator.impl.MybatisGenerator >> Method: com.nantian.generator.impl.MybatisGenerator.create(MybatisGenerator.java:258) ]
INFO:生成代码结束.
2020-05-13 16:51:25 下午 [Thread: main][ Class:com.nantian.generator.impl.MybatisGenerator >> Method: com.nantian.generator.impl.MybatisGenerator.create(MybatisGenerator.java:246) ]
INFO:开始检查配置数据...
2020-05-13 16:51:26 下午 [Thread: main][ Class:com.nantian.generator.impl.MybatisGenerator >> Method: com.nantian.generator.impl.MybatisGenerator.create(MybatisGenerator.java:248) ]
INFO:开始组装数据...
2020-05-13 16:51:26 下午 [Thread: main][ Class:com.nantian.generator.impl.MybatisGenerator >> Method: com.nantian.generator.impl.MybatisGenerator.create(MybatisGenerator.java:251) ]
INFO:开始生成配置信息
2020-05-13 16:51:26 下午 [Thread: main][ Class:com.nantian.generator.impl.MybatisGenerator >> Method: com.nantian.generator.impl.MybatisGenerator.create(MybatisGenerator.java:255) ]
INFO:开始生成代码...
2020-05-13 16:51:27 下午 [Thread: main][ Class:com.nantian.generator.impl.MybatisGenerator >> Method: com.nantian.generator.impl.MybatisGenerator.create(MybatisGenerator.java:258) ]
INFO:生成代码结束.
