2020-04-30 10:54:23 上午 [Thread: main][ Class:com.nantian.generator.impl.MybatisGenerator >> Method: com.nantian.generator.impl.MybatisGenerator.create(MybatisGenerator.java:246) ]
INFO:开始检查配置数据...
2020-04-30 10:54:23 上午 [Thread: main][ Class:com.nantian.generator.impl.MybatisGenerator >> Method: com.nantian.generator.impl.MybatisGenerator.create(MybatisGenerator.java:248) ]
INFO:开始组装数据...
2020-04-30 10:54:23 上午 [Thread: main][ Class:com.nantian.generator.impl.MybatisGenerator >> Method: com.nantian.generator.impl.MybatisGenerator.create(MybatisGenerator.java:251) ]
INFO:开始生成配置信息
2020-04-30 10:54:23 上午 [Thread: main][ Class:com.nantian.generator.impl.MybatisGenerator >> Method: com.nantian.generator.impl.MybatisGenerator.create(MybatisGenerator.java:255) ]
INFO:开始生成代码...
2020-04-30 10:54:25 上午 [Thread: main][ Class:com.nantian.generator.impl.MybatisGenerator >> Method: com.nantian.generator.impl.MybatisGenerator.create(MybatisGenerator.java:258) ]
INFO:生成代码结束.
2020-04-30 11:01:02 上午 [Thread: main][ Class:com.nantian.generator.impl.MybatisGenerator >> Method: com.nantian.generator.impl.MybatisGenerator.create(MybatisGenerator.java:246) ]
INFO:开始检查配置数据...
2020-04-30 11:01:02 上午 [Thread: main][ Class:com.nantian.generator.impl.MybatisGenerator >> Method: com.nantian.generator.impl.MybatisGenerator.create(MybatisGenerator.java:248) ]
INFO:开始组装数据...
2020-04-30 11:01:02 上午 [Thread: main][ Class:com.nantian.generator.impl.MybatisGenerator >> Method: com.nantian.generator.impl.MybatisGenerator.create(MybatisGenerator.java:251) ]
INFO:开始生成配置信息
2020-04-30 11:01:02 上午 [Thread: main][ Class:com.nantian.generator.impl.MybatisGenerator >> Method: com.nantian.generator.impl.MybatisGenerator.create(MybatisGenerator.java:255) ]
INFO:开始生成代码...
2020-04-30 11:01:03 上午 [Thread: main][ Class:com.nantian.generator.impl.MybatisGenerator >> Method: com.nantian.generator.impl.MybatisGenerator.create(MybatisGenerator.java:258) ]
INFO:生成代码结束.
2020-04-30 11:02:49 上午 [Thread: main][ Class:com.nantian.generator.impl.MybatisGenerator >> Method: com.nantian.generator.impl.MybatisGenerator.create(MybatisGenerator.java:246) ]
INFO:开始检查配置数据...
2020-04-30 11:02:49 上午 [Thread: main][ Class:com.nantian.generator.impl.MybatisGenerator >> Method: com.nantian.generator.impl.MybatisGenerator.create(MybatisGenerator.java:248) ]
INFO:开始组装数据...
2020-04-30 11:02:49 上午 [Thread: main][ Class:com.nantian.generator.impl.MybatisGenerator >> Method: com.nantian.generator.impl.MybatisGenerator.create(MybatisGenerator.java:251) ]
INFO:开始生成配置信息
2020-04-30 11:02:49 上午 [Thread: main][ Class:com.nantian.generator.impl.MybatisGenerator >> Method: com.nantian.generator.impl.MybatisGenerator.create(MybatisGenerator.java:255) ]
INFO:开始生成代码...
2020-04-30 11:02:50 上午 [Thread: main][ Class:com.nantian.generator.impl.MybatisGenerator >> Method: com.nantian.generator.impl.MybatisGenerator.create(MybatisGenerator.java:258) ]
INFO:生成代码结束.
